<?xml version="1.0" encoding="UTF-8"?>
<testsuite xmlns:xsi="http://www.w3.org/2001/XMLSchema-instance" xsi:noNamespaceSchemaLocation="https://maven.apache.org/surefire/maven-surefire-plugin/xsd/surefire-test-report.xsd" name="com.briup.AppTest" time="0.026" tests="1" errors="0" skipped="0" failures="0">
  <properties>
    <property name="sun.desktop" value="windows"/>
    <property name="awt.toolkit" value="sun.awt.windows.WToolkit"/>
    <property name="file.encoding.pkg" value="sun.io"/>
    <property name="java.specification.version" value="1.8"/>
    <property name="sun.cpu.isalist" value="amd64"/>
    <property name="sun.jnu.encoding" value="GBK"/>
    <property name="java.class.path" value="G:\IntelliJ IDEA 2020.1\Project\GRMS\target\test-classes;G:\IntelliJ IDEA 2020.1\Project\GRMS\target\classes;G:\briup\item\repository\junit\junit\4.11\junit-4.11.jar;G:\briup\item\repository\org\hamcrest\hamcrest-core\1.3\hamcrest-core-1.3.jar;G:\briup\item\repository\org\apache\hadoop\hadoop-mapreduce-client-core\3.0.3\hadoop-mapreduce-client-core-3.0.3.jar;G:\briup\item\repository\org\apache\hadoop\hadoop-yarn-client\3.0.3\hadoop-yarn-client-3.0.3.jar;G:\briup\item\repository\org\apache\hadoop\hadoop-yarn-common\3.0.3\hadoop-yarn-common-3.0.3.jar;G:\briup\item\repository\javax\xml\bind\jaxb-api\2.2.11\jaxb-api-2.2.11.jar;G:\briup\item\repository\com\sun\jersey\jersey-client\1.19\jersey-client-1.19.jar;G:\briup\item\repository\com\google\inject\guice\4.0\guice-4.0.jar;G:\briup\item\repository\javax\inject\javax.inject\1\javax.inject-1.jar;G:\briup\item\repository\aopalliance\aopalliance\1.0\aopalliance-1.0.jar;G:\briup\item\repository\com\sun\jersey\contribs\jersey-guice\1.19\jersey-guice-1.19.jar;G:\briup\item\repository\com\fasterxml\jackson\core\jackson-core\2.7.8\jackson-core-2.7.8.jar;G:\briup\item\repository\com\fasterxml\jackson\module\jackson-module-jaxb-annotations\2.7.8\jackson-module-jaxb-annotations-2.7.8.jar;G:\briup\item\repository\com\fasterxml\jackson\jaxrs\jackson-jaxrs-json-provider\2.7.8\jackson-jaxrs-json-provider-2.7.8.jar;G:\briup\item\repository\com\fasterxml\jackson\jaxrs\jackson-jaxrs-base\2.7.8\jackson-jaxrs-base-2.7.8.jar;G:\briup\item\repository\org\apache\hadoop\hadoop-hdfs-client\3.0.3\hadoop-hdfs-client-3.0.3.jar;G:\briup\item\repository\com\squareup\okhttp\okhttp\2.7.5\okhttp-2.7.5.jar;G:\briup\item\repository\com\squareup\okio\okio\1.6.0\okio-1.6.0.jar;G:\briup\item\repository\com\fasterxml\jackson\core\jackson-annotations\2.7.8\jackson-annotations-2.7.8.jar;G:\briup\item\repository\com\fasterxml\jackson\core\jackson-databind\2.7.8\jackson-databind-2.7.8.jar;G:\briup\item\repository\com\google\protobuf\protobuf-java\2.5.0\protobuf-java-2.5.0.jar;G:\briup\item\repository\org\apache\avro\avro\1.7.7\avro-1.7.7.jar;G:\briup\item\repository\org\codehaus\jackson\jackson-core-asl\1.9.13\jackson-core-asl-1.9.13.jar;G:\briup\item\repository\org\codehaus\jackson\jackson-mapper-asl\1.9.13\jackson-mapper-asl-1.9.13.jar;G:\briup\item\repository\com\thoughtworks\paranamer\paranamer\2.3\paranamer-2.3.jar;G:\briup\item\repository\org\xerial\snappy\snappy-java\1.0.5\snappy-java-1.0.5.jar;G:\briup\item\repository\org\slf4j\slf4j-api\1.7.25\slf4j-api-1.7.25.jar;G:\briup\item\repository\org\slf4j\slf4j-log4j12\1.7.25\slf4j-log4j12-1.7.25.jar;G:\briup\item\repository\org\apache\hadoop\hadoop-annotations\3.0.3\hadoop-annotations-3.0.3.jar;G:\jdk-1.8.231\jre\..\lib\tools.jar;G:\briup\item\repository\com\google\inject\extensions\guice-servlet\4.0\guice-servlet-4.0.jar;G:\briup\item\repository\io\netty\netty\3.10.5.Final\netty-3.10.5.Final.jar;G:\briup\item\repository\org\apache\hadoop\hadoop-client\3.0.3\hadoop-client-3.0.3.jar;G:\briup\item\repository\org\apache\hadoop\hadoop-yarn-api\3.0.3\hadoop-yarn-api-3.0.3.jar;G:\briup\item\repository\org\apache\hadoop\hadoop-mapreduce-client-jobclient\3.0.3\hadoop-mapreduce-client-jobclient-3.0.3.jar;G:\briup\item\repository\org\apache\hadoop\hadoop-mapreduce-client-common\3.0.3\hadoop-mapreduce-client-common-3.0.3.jar;G:\briup\item\repository\org\apache\hadoop\hadoop-common\3.0.3\hadoop-common-3.0.3.jar;G:\briup\item\repository\com\google\guava\guava\11.0.2\guava-11.0.2.jar;G:\briup\item\repository\commons-cli\commons-cli\1.2\commons-cli-1.2.jar;G:\briup\item\repository\org\apache\commons\commons-math3\3.1.1\commons-math3-3.1.1.jar;G:\briup\item\repository\org\apache\httpcomponents\httpclient\4.5.2\httpclient-4.5.2.jar;G:\briup\item\repository\org\apache\httpcomponents\httpcore\4.4.4\httpcore-4.4.4.jar;G:\briup\item\repository\commons-codec\commons-codec\1.4\commons-codec-1.4.jar;G:\briup\item\repository\commons-net\commons-net\3.6\commons-net-3.6.jar;G:\briup\item\repository\commons-collections\commons-collections\3.2.2\commons-collections-3.2.2.jar;G:\briup\item\repository\javax\servlet\javax.servlet-api\3.1.0\javax.servlet-api-3.1.0.jar;G:\briup\item\repository\org\eclipse\jetty\jetty-server\9.3.19.v20170502\jetty-server-9.3.19.v20170502.jar;G:\briup\item\repository\org\eclipse\jetty\jetty-http\9.3.19.v20170502\jetty-http-9.3.19.v20170502.jar;G:\briup\item\repository\org\eclipse\jetty\jetty-io\9.3.19.v20170502\jetty-io-9.3.19.v20170502.jar;G:\briup\item\repository\org\eclipse\jetty\jetty-util\9.3.19.v20170502\jetty-util-9.3.19.v20170502.jar;G:\briup\item\repository\org\eclipse\jetty\jetty-servlet\9.3.19.v20170502\jetty-servlet-9.3.19.v20170502.jar;G:\briup\item\repository\org\eclipse\jetty\jetty-security\9.3.19.v20170502\jetty-security-9.3.19.v20170502.jar;G:\briup\item\repository\org\eclipse\jetty\jetty-webapp\9.3.19.v20170502\jetty-webapp-9.3.19.v20170502.jar;G:\briup\item\repository\org\eclipse\jetty\jetty-xml\9.3.19.v20170502\jetty-xml-9.3.19.v20170502.jar;G:\briup\item\repository\javax\servlet\jsp\jsp-api\2.1\jsp-api-2.1.jar;G:\briup\item\repository\com\sun\jersey\jersey-core\1.19\jersey-core-1.19.jar;G:\briup\item\repository\javax\ws\rs\jsr311-api\1.1.1\jsr311-api-1.1.1.jar;G:\briup\item\repository\com\sun\jersey\jersey-servlet\1.19\jersey-servlet-1.19.jar;G:\briup\item\repository\com\sun\jersey\jersey-json\1.19\jersey-json-1.19.jar;G:\briup\item\repository\org\codehaus\jettison\jettison\1.1\jettison-1.1.jar;G:\briup\item\repository\com\sun\xml\bind\jaxb-impl\2.2.3-1\jaxb-impl-2.2.3-1.jar;G:\briup\item\repository\org\codehaus\jackson\jackson-jaxrs\1.9.2\jackson-jaxrs-1.9.2.jar;G:\briup\item\repository\org\codehaus\jackson\jackson-xc\1.9.2\jackson-xc-1.9.2.jar;G:\briup\item\repository\com\sun\jersey\jersey-server\1.19\jersey-server-1.19.jar;G:\briup\item\repository\commons-logging\commons-logging\1.1.3\commons-logging-1.1.3.jar;G:\briup\item\repository\log4j\log4j\1.2.17\log4j-1.2.17.jar;G:\briup\item\repository\commons-lang\commons-lang\2.6\commons-lang-2.6.jar;G:\briup\item\repository\commons-beanutils\commons-beanutils\1.9.3\commons-beanutils-1.9.3.jar;G:\briup\item\repository\org\apache\commons\commons-configuration2\2.1.1\commons-configuration2-2.1.1.jar;G:\briup\item\repository\org\apache\commons\commons-lang3\3.4\commons-lang3-3.4.jar;G:\briup\item\repository\com\google\re2j\re2j\1.1\re2j-1.1.jar;G:\briup\item\repository\com\google\code\gson\gson\2.2.4\gson-2.2.4.jar;G:\briup\item\repository\org\apache\hadoop\hadoop-auth\3.0.3\hadoop-auth-3.0.3.jar;G:\briup\item\repository\com\nimbusds\nimbus-jose-jwt\4.41.1\nimbus-jose-jwt-4.41.1.jar;G:\briup\item\repository\com\github\stephenc\jcip\jcip-annotations\1.0-1\jcip-annotations-1.0-1.jar;G:\briup\item\repository\net\minidev\json-smart\2.3\json-smart-2.3.jar;G:\briup\item\repository\net\minidev\accessors-smart\1.2\accessors-smart-1.2.jar;G:\briup\item\repository\org\ow2\asm\asm\5.0.4\asm-5.0.4.jar;G:\briup\item\repository\org\apache\curator\curator-framework\2.12.0\curator-framework-2.12.0.jar;G:\briup\item\repository\com\jcraft\jsch\0.1.54\jsch-0.1.54.jar;G:\briup\item\repository\org\apache\curator\curator-client\2.12.0\curator-client-2.12.0.jar;G:\briup\item\repository\org\apache\curator\curator-recipes\2.12.0\curator-recipes-2.12.0.jar;G:\briup\item\repository\com\google\code\findbugs\jsr305\3.0.0\jsr305-3.0.0.jar;G:\briup\item\repository\org\apache\htrace\htrace-core4\4.1.0-incubating\htrace-core4-4.1.0-incubating.jar;G:\briup\item\repository\org\apache\zookeeper\zookeeper\3.4.9\zookeeper-3.4.9.jar;G:\briup\item\repository\jline\jline\0.9.94\jline-0.9.94.jar;G:\briup\item\repository\org\apache\commons\commons-compress\1.4.1\commons-compress-1.4.1.jar;G:\briup\item\repository\org\tukaani\xz\1.0\xz-1.0.jar;G:\briup\item\repository\org\apache\kerby\kerb-simplekdc\1.0.1\kerb-simplekdc-1.0.1.jar;G:\briup\item\repository\org\apache\kerby\kerb-client\1.0.1\kerb-client-1.0.1.jar;G:\briup\item\repository\org\apache\kerby\kerby-config\1.0.1\kerby-config-1.0.1.jar;G:\briup\item\repository\org\apache\kerby\kerb-core\1.0.1\kerb-core-1.0.1.jar;G:\briup\item\repository\org\apache\kerby\kerby-pkix\1.0.1\kerby-pkix-1.0.1.jar;G:\briup\item\repository\org\apache\kerby\kerby-asn1\1.0.1\kerby-asn1-1.0.1.jar;G:\briup\item\repository\org\apache\kerby\kerby-util\1.0.1\kerby-util-1.0.1.jar;G:\briup\item\repository\org\apache\kerby\kerb-common\1.0.1\kerb-common-1.0.1.jar;G:\briup\item\repository\org\apache\kerby\kerb-crypto\1.0.1\kerb-crypto-1.0.1.jar;G:\briup\item\repository\org\apache\kerby\kerb-util\1.0.1\kerb-util-1.0.1.jar;G:\briup\item\repository\org\apache\kerby\token-provider\1.0.1\token-provider-1.0.1.jar;G:\briup\item\repository\org\apache\kerby\kerb-admin\1.0.1\kerb-admin-1.0.1.jar;G:\briup\item\repository\org\apache\kerby\kerb-server\1.0.1\kerb-server-1.0.1.jar;G:\briup\item\repository\org\apache\kerby\kerb-identity\1.0.1\kerb-identity-1.0.1.jar;G:\briup\item\repository\org\apache\kerby\kerby-xdr\1.0.1\kerby-xdr-1.0.1.jar;G:\briup\item\repository\org\codehaus\woodstox\stax2-api\3.1.4\stax2-api-3.1.4.jar;G:\briup\item\repository\com\fasterxml\woodstox\woodstox-core\5.0.3\woodstox-core-5.0.3.jar;G:\briup\item\repository\commons-io\commons-io\2.4\commons-io-2.4.jar;G:\briup\item\repository\mysql\mysql-connector-java\8.0.18\mysql-connector-java-8.0.18.jar;"/>
    <property name="java.vm.vendor" value="Oracle Corporation"/>
    <property name="sun.arch.data.model" value="64"/>
    <property name="user.variant" value=""/>
    <property name="java.vendor.url" value="http://java.oracle.com/"/>
    <property name="user.timezone" value="Asia/Shanghai"/>
    <property name="java.vm.specification.version" value="1.8"/>
    <property name="os.name" value="Windows 10"/>
    <property name="user.country" value="CN"/>
    <property name="sun.java.launcher" value="SUN_STANDARD"/>
    <property name="sun.boot.library.path" value="G:\jdk-1.8.231\jre\bin"/>
    <property name="sun.java.command" value="C:\Users\wzy\AppData\Local\Temp\surefire556234633669978099\surefirebooter324216226738957602.jar C:\Users\wzy\AppData\Local\Temp\surefire556234633669978099 2020-10-20T15-16-10_133-jvmRun1 surefire856247115724749838tmp surefire_06121640240088651770tmp"/>
    <property name="surefire.test.class.path" value="G:\IntelliJ IDEA 2020.1\Project\GRMS\target\test-classes;G:\IntelliJ IDEA 2020.1\Project\GRMS\target\classes;G:\briup\item\repository\junit\junit\4.11\junit-4.11.jar;G:\briup\item\repository\org\hamcrest\hamcrest-core\1.3\hamcrest-core-1.3.jar;G:\briup\item\repository\org\apache\hadoop\hadoop-mapreduce-client-core\3.0.3\hadoop-mapreduce-client-core-3.0.3.jar;G:\briup\item\repository\org\apache\hadoop\hadoop-yarn-client\3.0.3\hadoop-yarn-client-3.0.3.jar;G:\briup\item\repository\org\apache\hadoop\hadoop-yarn-common\3.0.3\hadoop-yarn-common-3.0.3.jar;G:\briup\item\repository\javax\xml\bind\jaxb-api\2.2.11\jaxb-api-2.2.11.jar;G:\briup\item\repository\com\sun\jersey\jersey-client\1.19\jersey-client-1.19.jar;G:\briup\item\repository\com\google\inject\guice\4.0\guice-4.0.jar;G:\briup\item\repository\javax\inject\javax.inject\1\javax.inject-1.jar;G:\briup\item\repository\aopalliance\aopalliance\1.0\aopalliance-1.0.jar;G:\briup\item\repository\com\sun\jersey\contribs\jersey-guice\1.19\jersey-guice-1.19.jar;G:\briup\item\repository\com\fasterxml\jackson\core\jackson-core\2.7.8\jackson-core-2.7.8.jar;G:\briup\item\repository\com\fasterxml\jackson\module\jackson-module-jaxb-annotations\2.7.8\jackson-module-jaxb-annotations-2.7.8.jar;G:\briup\item\repository\com\fasterxml\jackson\jaxrs\jackson-jaxrs-json-provider\2.7.8\jackson-jaxrs-json-provider-2.7.8.jar;G:\briup\item\repository\com\fasterxml\jackson\jaxrs\jackson-jaxrs-base\2.7.8\jackson-jaxrs-base-2.7.8.jar;G:\briup\item\repository\org\apache\hadoop\hadoop-hdfs-client\3.0.3\hadoop-hdfs-client-3.0.3.jar;G:\briup\item\repository\com\squareup\okhttp\okhttp\2.7.5\okhttp-2.7.5.jar;G:\briup\item\repository\com\squareup\okio\okio\1.6.0\okio-1.6.0.jar;G:\briup\item\repository\com\fasterxml\jackson\core\jackson-annotations\2.7.8\jackson-annotations-2.7.8.jar;G:\briup\item\repository\com\fasterxml\jackson\core\jackson-databind\2.7.8\jackson-databind-2.7.8.jar;G:\briup\item\repository\com\google\protobuf\protobuf-java\2.5.0\protobuf-java-2.5.0.jar;G:\briup\item\repository\org\apache\avro\avro\1.7.7\avro-1.7.7.jar;G:\briup\item\repository\org\codehaus\jackson\jackson-core-asl\1.9.13\jackson-core-asl-1.9.13.jar;G:\briup\item\repository\org\codehaus\jackson\jackson-mapper-asl\1.9.13\jackson-mapper-asl-1.9.13.jar;G:\briup\item\repository\com\thoughtworks\paranamer\paranamer\2.3\paranamer-2.3.jar;G:\briup\item\repository\org\xerial\snappy\snappy-java\1.0.5\snappy-java-1.0.5.jar;G:\briup\item\repository\org\slf4j\slf4j-api\1.7.25\slf4j-api-1.7.25.jar;G:\briup\item\repository\org\slf4j\slf4j-log4j12\1.7.25\slf4j-log4j12-1.7.25.jar;G:\briup\item\repository\org\apache\hadoop\hadoop-annotations\3.0.3\hadoop-annotations-3.0.3.jar;G:\jdk-1.8.231\jre\..\lib\tools.jar;G:\briup\item\repository\com\google\inject\extensions\guice-servlet\4.0\guice-servlet-4.0.jar;G:\briup\item\repository\io\netty\netty\3.10.5.Final\netty-3.10.5.Final.jar;G:\briup\item\repository\org\apache\hadoop\hadoop-client\3.0.3\hadoop-client-3.0.3.jar;G:\briup\item\repository\org\apache\hadoop\hadoop-yarn-api\3.0.3\hadoop-yarn-api-3.0.3.jar;G:\briup\item\repository\org\apache\hadoop\hadoop-mapreduce-client-jobclient\3.0.3\hadoop-mapreduce-client-jobclient-3.0.3.jar;G:\briup\item\repository\org\apache\hadoop\hadoop-mapreduce-client-common\3.0.3\hadoop-mapreduce-client-common-3.0.3.jar;G:\briup\item\repository\org\apache\hadoop\hadoop-common\3.0.3\hadoop-common-3.0.3.jar;G:\briup\item\repository\com\google\guava\guava\11.0.2\guava-11.0.2.jar;G:\briup\item\repository\commons-cli\commons-cli\1.2\commons-cli-1.2.jar;G:\briup\item\repository\org\apache\commons\commons-math3\3.1.1\commons-math3-3.1.1.jar;G:\briup\item\repository\org\apache\httpcomponents\httpclient\4.5.2\httpclient-4.5.2.jar;G:\briup\item\repository\org\apache\httpcomponents\httpcore\4.4.4\httpcore-4.4.4.jar;G:\briup\item\repository\commons-codec\commons-codec\1.4\commons-codec-1.4.jar;G:\briup\item\repository\commons-net\commons-net\3.6\commons-net-3.6.jar;G:\briup\item\repository\commons-collections\commons-collections\3.2.2\commons-collections-3.2.2.jar;G:\briup\item\repository\javax\servlet\javax.servlet-api\3.1.0\javax.servlet-api-3.1.0.jar;G:\briup\item\repository\org\eclipse\jetty\jetty-server\9.3.19.v20170502\jetty-server-9.3.19.v20170502.jar;G:\briup\item\repository\org\eclipse\jetty\jetty-http\9.3.19.v20170502\jetty-http-9.3.19.v20170502.jar;G:\briup\item\repository\org\eclipse\jetty\jetty-io\9.3.19.v20170502\jetty-io-9.3.19.v20170502.jar;G:\briup\item\repository\org\eclipse\jetty\jetty-util\9.3.19.v20170502\jetty-util-9.3.19.v20170502.jar;G:\briup\item\repository\org\eclipse\jetty\jetty-servlet\9.3.19.v20170502\jetty-servlet-9.3.19.v20170502.jar;G:\briup\item\repository\org\eclipse\jetty\jetty-security\9.3.19.v20170502\jetty-security-9.3.19.v20170502.jar;G:\briup\item\repository\org\eclipse\jetty\jetty-webapp\9.3.19.v20170502\jetty-webapp-9.3.19.v20170502.jar;G:\briup\item\repository\org\eclipse\jetty\jetty-xml\9.3.19.v20170502\jetty-xml-9.3.19.v20170502.jar;G:\briup\item\repository\javax\servlet\jsp\jsp-api\2.1\jsp-api-2.1.jar;G:\briup\item\repository\com\sun\jersey\jersey-core\1.19\jersey-core-1.19.jar;G:\briup\item\repository\javax\ws\rs\jsr311-api\1.1.1\jsr311-api-1.1.1.jar;G:\briup\item\repository\com\sun\jersey\jersey-servlet\1.19\jersey-servlet-1.19.jar;G:\briup\item\repository\com\sun\jersey\jersey-json\1.19\jersey-json-1.19.jar;G:\briup\item\repository\org\codehaus\jettison\jettison\1.1\jettison-1.1.jar;G:\briup\item\repository\com\sun\xml\bind\jaxb-impl\2.2.3-1\jaxb-impl-2.2.3-1.jar;G:\briup\item\repository\org\codehaus\jackson\jackson-jaxrs\1.9.2\jackson-jaxrs-1.9.2.jar;G:\briup\item\repository\org\codehaus\jackson\jackson-xc\1.9.2\jackson-xc-1.9.2.jar;G:\briup\item\repository\com\sun\jersey\jersey-server\1.19\jersey-server-1.19.jar;G:\briup\item\repository\commons-logging\commons-logging\1.1.3\commons-logging-1.1.3.jar;G:\briup\item\repository\log4j\log4j\1.2.17\log4j-1.2.17.jar;G:\briup\item\repository\commons-lang\commons-lang\2.6\commons-lang-2.6.jar;G:\briup\item\repository\commons-beanutils\commons-beanutils\1.9.3\commons-beanutils-1.9.3.jar;G:\briup\item\repository\org\apache\commons\commons-configuration2\2.1.1\commons-configuration2-2.1.1.jar;G:\briup\item\repository\org\apache\commons\commons-lang3\3.4\commons-lang3-3.4.jar;G:\briup\item\repository\com\google\re2j\re2j\1.1\re2j-1.1.jar;G:\briup\item\repository\com\google\code\gson\gson\2.2.4\gson-2.2.4.jar;G:\briup\item\repository\org\apache\hadoop\hadoop-auth\3.0.3\hadoop-auth-3.0.3.jar;G:\briup\item\repository\com\nimbusds\nimbus-jose-jwt\4.41.1\nimbus-jose-jwt-4.41.1.jar;G:\briup\item\repository\com\github\stephenc\jcip\jcip-annotations\1.0-1\jcip-annotations-1.0-1.jar;G:\briup\item\repository\net\minidev\json-smart\2.3\json-smart-2.3.jar;G:\briup\item\repository\net\minidev\accessors-smart\1.2\accessors-smart-1.2.jar;G:\briup\item\repository\org\ow2\asm\asm\5.0.4\asm-5.0.4.jar;G:\briup\item\repository\org\apache\curator\curator-framework\2.12.0\curator-framework-2.12.0.jar;G:\briup\item\repository\com\jcraft\jsch\0.1.54\jsch-0.1.54.jar;G:\briup\item\repository\org\apache\curator\curator-client\2.12.0\curator-client-2.12.0.jar;G:\briup\item\repository\org\apache\curator\curator-recipes\2.12.0\curator-recipes-2.12.0.jar;G:\briup\item\repository\com\google\code\findbugs\jsr305\3.0.0\jsr305-3.0.0.jar;G:\briup\item\repository\org\apache\htrace\htrace-core4\4.1.0-incubating\htrace-core4-4.1.0-incubating.jar;G:\briup\item\repository\org\apache\zookeeper\zookeeper\3.4.9\zookeeper-3.4.9.jar;G:\briup\item\repository\jline\jline\0.9.94\jline-0.9.94.jar;G:\briup\item\repository\org\apache\commons\commons-compress\1.4.1\commons-compress-1.4.1.jar;G:\briup\item\repository\org\tukaani\xz\1.0\xz-1.0.jar;G:\briup\item\repository\org\apache\kerby\kerb-simplekdc\1.0.1\kerb-simplekdc-1.0.1.jar;G:\briup\item\repository\org\apache\kerby\kerb-client\1.0.1\kerb-client-1.0.1.jar;G:\briup\item\repository\org\apache\kerby\kerby-config\1.0.1\kerby-config-1.0.1.jar;G:\briup\item\repository\org\apache\kerby\kerb-core\1.0.1\kerb-core-1.0.1.jar;G:\briup\item\repository\org\apache\kerby\kerby-pkix\1.0.1\kerby-pkix-1.0.1.jar;G:\briup\item\repository\org\apache\kerby\kerby-asn1\1.0.1\kerby-asn1-1.0.1.jar;G:\briup\item\repository\org\apache\kerby\kerby-util\1.0.1\kerby-util-1.0.1.jar;G:\briup\item\repository\org\apache\kerby\kerb-common\1.0.1\kerb-common-1.0.1.jar;G:\briup\item\repository\org\apache\kerby\kerb-crypto\1.0.1\kerb-crypto-1.0.1.jar;G:\briup\item\repository\org\apache\kerby\kerb-util\1.0.1\kerb-util-1.0.1.jar;G:\briup\item\repository\org\apache\kerby\token-provider\1.0.1\token-provider-1.0.1.jar;G:\briup\item\repository\org\apache\kerby\kerb-admin\1.0.1\kerb-admin-1.0.1.jar;G:\briup\item\repository\org\apache\kerby\kerb-server\1.0.1\kerb-server-1.0.1.jar;G:\briup\item\repository\org\apache\kerby\kerb-identity\1.0.1\kerb-identity-1.0.1.jar;G:\briup\item\repository\org\apache\kerby\kerby-xdr\1.0.1\kerby-xdr-1.0.1.jar;G:\briup\item\repository\org\codehaus\woodstox\stax2-api\3.1.4\stax2-api-3.1.4.jar;G:\briup\item\repository\com\fasterxml\woodstox\woodstox-core\5.0.3\woodstox-core-5.0.3.jar;G:\briup\item\repository\commons-io\commons-io\2.4\commons-io-2.4.jar;G:\briup\item\repository\mysql\mysql-connector-java\8.0.18\mysql-connector-java-8.0.18.jar;"/>
    <property name="sun.cpu.endian" value="little"/>
    <property name="user.home" value="C:\Users\wzy"/>
    <property name="user.language" value="zh"/>
    <property name="java.specification.vendor" value="Oracle Corporation"/>
    <property name="java.home" value="G:\jdk-1.8.231\jre"/>
    <property name="basedir" value="G:\IntelliJ IDEA 2020.1\Project\GRMS"/>
    <property name="file.separator" value="\"/>
    <property name="line.separator" value="&#10;"/>
    <property name="java.vm.specification.vendor" value="Oracle Corporation"/>
    <property name="java.specification.name" value="Java Platform API Specification"/>
    <property name="java.awt.graphicsenv" value="sun.awt.Win32GraphicsEnvironment"/>
    <property name="surefire.real.class.path" value="C:\Users\wzy\AppData\Local\Temp\surefire556234633669978099\surefirebooter324216226738957602.jar"/>
    <property name="sun.boot.class.path" value="G:\jdk-1.8.231\jre\lib\resources.jar;G:\jdk-1.8.231\jre\lib\rt.jar;G:\jdk-1.8.231\jre\lib\sunrsasign.jar;G:\jdk-1.8.231\jre\lib\jsse.jar;G:\jdk-1.8.231\jre\lib\jce.jar;G:\jdk-1.8.231\jre\lib\charsets.jar;G:\jdk-1.8.231\jre\lib\jfr.jar;G:\jdk-1.8.231\jre\classes"/>
    <property name="user.script" value=""/>
    <property name="sun.management.compiler" value="HotSpot 64-Bit Tiered Compilers"/>
    <property name="java.runtime.version" value="1.8.0_231-b11"/>
    <property name="user.name" value="wzy"/>
    <property name="path.separator" value=";"/>
    <property name="os.version" value="10.0"/>
    <property name="java.endorsed.dirs" value="G:\jdk-1.8.231\jre\lib\endorsed"/>
    <property name="java.runtime.name" value="Java(TM) SE Runtime Environment"/>
    <property name="file.encoding" value="GBK"/>
    <property name="java.vm.name" value="Java HotSpot(TM) 64-Bit Server VM"/>
    <property name="idea.version2020.1" value="true"/>
    <property name="localRepository" value="G:\briup\item\repository"/>
    <property name="java.vendor.url.bug" value="http://bugreport.sun.com/bugreport/"/>
    <property name="java.io.tmpdir" value="C:\Users\wzy\AppData\Local\Temp\"/>
    <property name="java.version" value="1.8.0_231"/>
    <property name="user.dir" value="G:\IntelliJ IDEA 2020.1\Project\GRMS"/>
    <property name="os.arch" value="amd64"/>
    <property name="java.vm.specification.name" value="Java Virtual Machine Specification"/>
    <property name="java.awt.printerjob" value="sun.awt.windows.WPrinterJob"/>
    <property name="sun.os.patch.level" value=""/>
    <property name="java.library.path" value="G:\jdk-1.8.231\jre\bin;C:\Windows\Sun\Java\bin;C:\Windows\system32;C:\Windows;C:\Windows\system32;C:\Windows;C:\Windows\System32\Wbem;C:\Windows\System32\WindowsPowerShell\v1.0\;C:\Windows\System32\OpenSSH\;G:\jdk-1.8.231\bin;G:\jdk-1.8.231\jre\bin;C:\Program Files (x86)\Intel\Intel(R) Management Engine Components\DAL;C:\Program Files\Intel\Intel(R) Management Engine Components\DAL;G:\apache-maven-3.3.9\bin;G:\VisualSVN Server\bin;G:\TortoiseSVN\bin;G:\mysql-8.0.21-winx64\bin;C:\Program Files (x86)\NVIDIA Corporation\PhysX\Common;C:\Program Files\NVIDIA Corporation\NVIDIA NvDLISR;G:\hadoop-2.7.2\bin;G:\apache-tomcat-8.5.50\bin;G:\apache-tomcat-8.5.50\lib;C:\Users\wzy\AppData\Local\Programs\Python\Python38\Scripts\;C:\Users\wzy\AppData\Local\Programs\Python\Python38\;C:\Users\wzy\AppData\Local\Microsoft\WindowsApps;;G:\IntelliJ IDEA 2020.1\bin;;D:\Program Files\;."/>
    <property name="java.vm.info" value="mixed mode"/>
    <property name="java.vendor" value="Oracle Corporation"/>
    <property name="java.vm.version" value="25.231-b11"/>
    <property name="java.ext.dirs" value="G:\jdk-1.8.231\jre\lib\ext;C:\Windows\Sun\Java\lib\ext"/>
    <property name="sun.io.unicode.encoding" value="UnicodeLittle"/>
    <property name="java.class.version" value="52.0"/>
  </properties>
  <testcase name="shouldAnswerWithTrue" classname="com.briup.AppTest" time="0.002"/>
</testsuite>